#
# There is insufficient memory for the Java Runtime Environment to continue.
# Native memory allocation (malloc) failed to allocate 32744 bytes for ChunkPool::allocate
# Possible reasons:
#   The system is out of physical RAM or swap space
#   The process is running with CompressedOops enabled, and the Java Heap may be blocking the growth of the native heap
# Possible solutions:
#   Reduce memory load on the system
#   Increase physical memory or swap space
#   Check if swap backing store is full
#   Decrease Java heap size (-Xmx/-Xms)
#   Decrease number of Java threads
#   Decrease Java thread stack sizes (-Xss)
#   Set larger code cache with -XX:ReservedCodeCacheSize=
#   JVM is running with Zero Based Compressed Oops mode in which the Java heap is
#     placed in the first 32GB address space. The Java Heap base address is the
#     maximum limit for the native heap growth. Please use -XX:HeapBaseMinAddress
#     to set the Java Heap base and to place the Java Heap above 32GB virtual address.
# This output file may be truncated or incomplete.
#
#  Out of Memory Error (allocation.cpp:273), pid=6192, tid=0x00000000000085bc
#
# JRE version: Java(TM) SE Runtime Environment (8.0_201-b09) (build 1.8.0_201-b09)
# Java VM: Java HotSpot(TM) 64-Bit Server VM (25.201-b09 mixed mode windows-amd64 compressed oops)
# Failed to write core dump. Minidumps are not enabled by default on client versions of Windows
#

---------------  T H R E A D  ---------------

Current thread (0x0000000019d95000):  JavaThread "C1 CompilerThread1" daemon [_thread_in_native, id=34236, stack(0x000000001ae60000,0x000000001af60000)]

Stack: [0x000000001ae60000,0x000000001af60000]
[error occurred during error reporting (printing stack bounds), id 0xc0000005]

Native frames: (J=compiled Java code, j=interpreted, Vv=VM code, C=native code)


Current CompileTask:
C1:   8620  187       3       sun.security.provider.ByteArrayAccess::b2iBig64 (614 bytes)


---------------  P R O C E S S  ---------------

Java Threads: ( => current thread )
  0x0000000019d9c000 JavaThread "Service Thread" daemon [_thread_blocked, id=45576, stack(0x000000001af60000,0x000000001b060000)]
=>0x0000000019d95000 JavaThread "C1 CompilerThread1" daemon [_thread_in_native, id=34236, stack(0x000000001ae60000,0x000000001af60000)]
  0x0000000019d3a000 JavaThread "C2 CompilerThread0" daemon [_thread_blocked, id=38548, stack(0x000000001ad60000,0x000000001ae60000)]
  0x0000000019d39000 JavaThread "Attach Listener" daemon [_thread_blocked, id=42380, stack(0x000000001ac60000,0x000000001ad60000)]
  0x0000000019d35800 JavaThread "Signal Dispatcher" daemon [_thread_blocked, id=39864, stack(0x000000001ab60000,0x000000001ac60000)]
  0x0000000019d28800 JavaThread "Finalizer" daemon [_thread_blocked, id=37620, stack(0x000000001a970000,0x000000001aa70000)]
  0x0000000002eee800 JavaThread "Reference Handler" daemon [_thread_blocked, id=41576, stack(0x000000001a870000,0x000000001a970000)]
  0x0000000000f7e000 JavaThread "main" [_thread_in_native, id=39820, stack(0x0000000002c00000,0x0000000002d00000)]

Other Threads:
  0x0000000019d07800 VMThread [stack: 0x000000001a770000,0x000000001a870000] [id=31956]
  0x0000000019da7800 WatcherThread [stack: 0x000000001b060000,0x000000001b160000] [id=35832]

VM state:not at safepoint (normal execution)

VM Mutex/Monitor currently owned by a thread: None

heap address: 0x0000000701c00000, size: 3044 MB, Compressed Oops mode: Zero based, Oop shift amount: 3
Narrow klass base: 0x0000000000000000, Narrow klass shift: 3
Compressed class space size: 1073741824 Address: 0x00000007c0000000

Heap:
 PSYoungGen      total 57344K, used 4915K [0x0000000780980000, 0x0000000784980000, 0x00000007c0000000)
  eden space 49152K, 10% used [0x0000000780980000,0x0000000780e4cd90,0x0000000783980000)
  from space 8192K, 0% used [0x0000000784180000,0x0000000784180000,0x0000000784980000)
  to   space 8192K, 0% used [0x0000000783980000,0x0000000783980000,0x0000000784180000)
 ParOldGen       total 131072K, used 0K [0x0000000701c00000, 0x0000000709c00000, 0x0000000780980000)
  object space 131072K, 0% used [0x0000000701c00000,0x0000000701c00000,0x0000000709c00000)
 Metaspace       used 5482K, capacity 5680K, committed 5888K, reserved 1056768K
  class space    used 627K, capacity 660K, committed 768K, reserved 1048576K

Card table byte_map: [0x00000000122c0000,0x00000000128c0000] byte_map_base: 0x000000000eab2000

Marking Bits: (ParMarkBitMap*) 0x0000000076564ce0
 Begin Bits: [0x0000000012ec0000, 0x0000000015e50000)
 End Bits:   [0x0000000015e50000, 0x0000000018de0000)

Polling page: 0x0000000000ef0000

CodeCache: size=245760Kb used=1505Kb max_used=1518Kb free=244254Kb
 bounds [0x0000000002f00000, 0x0000000003170000, 0x0000000011f00000]
 total_blobs=480 nmethods=195 adapters=199
 compilation: enabled

Compilation events (10 events):
Event: 5.650 Thread 0x0000000019d95000  184       3       sun.nio.fs.WindowsPathParser::isInvalidPathChar (22 bytes)
Event: 5.650 Thread 0x0000000019d95000 nmethod 184 0x0000000003070d10 code [0x0000000003070e80, 0x00000000030711e8]
Event: 5.650 Thread 0x0000000019d95000  183       1       java.nio.Buffer::limit (5 bytes)
Event: 5.651 Thread 0x0000000019d95000 nmethod 183 0x000000000306c6d0 code [0x000000000306c820, 0x000000000306c930]
Event: 5.803 Thread 0x0000000019d95000  185   !   3       java.lang.ref.ReferenceQueue::poll (28 bytes)
Event: 5.803 Thread 0x0000000019d95000 nmethod 185 0x00000000030712d0 code [0x0000000003071440, 0x00000000030717c8]
Event: 5.803 Thread 0x0000000019d95000  186       3       sun.security.provider.SHA::implCompress (491 bytes)
Event: 5.803 Thread 0x0000000019d95000 nmethod 186 0x00000000030718d0 code [0x0000000003071ac0, 0x00000000030723a8]
Event: 5.804 Thread 0x0000000019d95000  187       3       sun.security.provider.ByteArrayAccess::b2iBig64 (614 bytes)
Event: 5.805 Thread 0x0000000019d3a000  188 %     4       sun.security.provider.SHA::implCompress @ 279 (491 bytes)

GC Heap History (0 events):
No events

Deoptimization events (0 events):
No events

Classes redefined (0 events):
No events

Internal exceptions (7 events):
Event: 0.465 Thread 0x0000000000f7e000 Exception <a 'java/lang/NoSuchMethodError': Method sun.misc.Unsafe.defineClass(Ljava/lang/String;[BII)Ljava/lang/Class; name or signature does not match> (0x0000000780987cb0) thrown at [C:\re\workspace\8-2-build-windows-amd64-cygwin\jdk8u201\12322\hotspot
Event: 0.465 Thread 0x0000000000f7e000 Exception <a 'java/lang/NoSuchMethodError': Method sun.misc.Unsafe.prefetchRead(Ljava/lang/Object;J)V name or signature does not match> (0x0000000780987f98) thrown at [C:\re\workspace\8-2-build-windows-amd64-cygwin\jdk8u201\12322\hotspot\src\share\vm\prim
Event: 0.712 Thread 0x0000000000f7e000 Exception <a 'java/security/PrivilegedActionException'> (0x0000000780b728d8) thrown at [C:\re\workspace\8-2-build-windows-amd64-cygwin\jdk8u201\12322\hotspot\src\share\vm\prims\jvm.cpp, line 1502]
Event: 0.712 Thread 0x0000000000f7e000 Exception <a 'java/security/PrivilegedActionException'> (0x0000000780b72ae8) thrown at [C:\re\workspace\8-2-build-windows-amd64-cygwin\jdk8u201\12322\hotspot\src\share\vm\prims\jvm.cpp, line 1502]
Event: 0.713 Thread 0x0000000000f7e000 Exception <a 'java/security/PrivilegedActionException'> (0x0000000780b76758) thrown at [C:\re\workspace\8-2-build-windows-amd64-cygwin\jdk8u201\12322\hotspot\src\share\vm\prims\jvm.cpp, line 1502]
Event: 0.713 Thread 0x0000000000f7e000 Exception <a 'java/security/PrivilegedActionException'> (0x0000000780b76968) thrown at [C:\re\workspace\8-2-build-windows-amd64-cygwin\jdk8u201\12322\hotspot\src\share\vm\prims\jvm.cpp, line 1502]
Event: 0.732 Thread 0x0000000000f7e000 Exception <a 'java/lang/NoClassDefFoundError': org/apache/log4j/Category> (0x0000000780bf5f40) thrown at [C:\re\workspace\8-2-build-windows-amd64-cygwin\jdk8u201\12322\hotspot\src\share\vm\classfile\systemDictionary.cpp, line 199]

Events (10 events):
Event: 5.648 loading class sun/nio/fs/WindowsUriSupport
Event: 5.648 loading class sun/nio/fs/WindowsUriSupport done
Event: 5.649 loading class sun/nio/fs/WindowsPath
Event: 5.649 loading class sun/nio/fs/AbstractPath
Event: 5.649 loading class sun/nio/fs/AbstractPath done
Event: 5.649 loading class sun/nio/fs/WindowsPath done
Event: 5.802 loading class sun/security/ec/SunECEntries
Event: 5.802 loading class sun/security/ec/SunECEntries done
Event: 5.804 loading class sun/security/ec/CurveDB
Event: 5.804 loading class sun/security/ec/CurveDB done


Dynamic libraries:
0x00007ff7a7ab0000 - 0x00007ff7a7ae7000 	C:\Program Files (x86)\Common Files\Oracle\Java\javapath\java.exe
0x00007ffc6f840000 - 0x00007ffc6fa21000 	C:\WINDOWS\SYSTEM32\ntdll.dll
0x00007ffc6f660000 - 0x00007ffc6f712000 	C:\WINDOWS\System32\KERNEL32.DLL
0x00007ffc6bd90000 - 0x00007ffc6c003000 	C:\WINDOWS\System32\KERNELBASE.dll
0x00007ffc6f540000 - 0x00007ffc6f5e1000 	C:\WINDOWS\System32\ADVAPI32.dll
0x00007ffc6de20000 - 0x00007ffc6debe000 	C:\WINDOWS\System32\msvcrt.dll
0x00007ffc6da90000 - 0x00007ffc6daeb000 	C:\WINDOWS\System32\sechost.dll
0x00007ffc6d6e0000 - 0x00007ffc6d804000 	C:\WINDOWS\System32\RPCRT4.dll
0x00007ffc6d3e0000 - 0x00007ffc6d570000 	C:\WINDOWS\System32\USER32.dll
0x00007ffc6ca60000 - 0x00007ffc6ca80000 	C:\WINDOWS\System32\win32u.dll
0x00007ffc6f510000 - 0x00007ffc6f538000 	C:\WINDOWS\System32\GDI32.dll
0x00007ffc6c8c0000 - 0x00007ffc6ca52000 	C:\WINDOWS\System32\gdi32full.dll
0x00007ffc6c720000 - 0x00007ffc6c7bf000 	C:\WINDOWS\System32\msvcp_win.dll
0x00007ffc6bc90000 - 0x00007ffc6bd8a000 	C:\WINDOWS\System32\ucrtbase.dll
0x00007ffc5fc80000 - 0x00007ffc5fee9000 	C:\WINDOWS\WinSxS\amd64_microsoft.windows.common-controls_6595b64144ccf1df_6.0.17134.590_none_fb3d9bff3069e088\COMCTL32.dll
0x00007ffc6daf0000 - 0x00007ffc6de12000 	C:\WINDOWS\System32\combase.dll
0x00007ffc6bc10000 - 0x00007ffc6bc8a000 	C:\WINDOWS\System32\bcryptPrimitives.dll
0x00007ffc6da60000 - 0x00007ffc6da8d000 	C:\WINDOWS\System32\IMM32.DLL
0x00000000765f0000 - 0x00000000766c1000 	C:\Program Files\Java\jre1.8.0_201\bin\msvcr100.dll
0x0000000075d40000 - 0x00000000765e4000 	C:\Program Files\Java\jre1.8.0_201\bin\server\jvm.dll
0x00007ffc6da50000 - 0x00007ffc6da58000 	C:\WINDOWS\System32\PSAPI.DLL
0x00007ffc5f2b0000 - 0x00007ffc5f2b9000 	C:\WINDOWS\SYSTEM32\WSOCK32.dll
0x00007ffc6f5f0000 - 0x00007ffc6f65c000 	C:\WINDOWS\System32\WS2_32.dll
0x00007ffc69cc0000 - 0x00007ffc69ce3000 	C:\WINDOWS\SYSTEM32\WINMM.dll
0x00007ffc60690000 - 0x00007ffc6069a000 	C:\WINDOWS\SYSTEM32\VERSION.dll
0x00007ffc69c90000 - 0x00007ffc69cba000 	C:\WINDOWS\SYSTEM32\WINMMBASE.dll
0x00007ffc6c7c0000 - 0x00007ffc6c809000 	C:\WINDOWS\System32\cfgmgr32.dll
0x00007ffc69d50000 - 0x00007ffc69d5f000 	C:\Program Files\Java\jre1.8.0_201\bin\verify.dll
0x00007ffc60620000 - 0x00007ffc60649000 	C:\Program Files\Java\jre1.8.0_201\bin\java.dll
0x00007ffc5cf30000 - 0x00007ffc5cf46000 	C:\Program Files\Java\jre1.8.0_201\bin\zip.dll
0x00007ffc6e0c0000 - 0x00007ffc6f500000 	C:\WINDOWS\System32\SHELL32.dll
0x00007ffc6d120000 - 0x00007ffc6d1c9000 	C:\WINDOWS\System32\shcore.dll
0x00007ffc6c010000 - 0x00007ffc6c71d000 	C:\WINDOWS\System32\windows.storage.dll
0x00007ffc6d9f0000 - 0x00007ffc6da41000 	C:\WINDOWS\System32\shlwapi.dll
0x00007ffc6bbc0000 - 0x00007ffc6bbd1000 	C:\WINDOWS\System32\kernel.appcore.dll
0x00007ffc6bbe0000 - 0x00007ffc6bbff000 	C:\WINDOWS\System32\profapi.dll
0x00007ffc6bb50000 - 0x00007ffc6bb9c000 	C:\WINDOWS\System32\powrprof.dll
0x00007ffc6bc00000 - 0x00007ffc6bc0a000 	C:\WINDOWS\System32\FLTLIB.DLL
0x00007ffc52de0000 - 0x00007ffc52e04000 	C:\Program Files\Java\jre1.8.0_201\bin\sunec.dll
0x00007ffc53bc0000 - 0x00007ffc53bda000 	C:\Program Files\Java\jre1.8.0_201\bin\net.dll
0x00007ffc5bee0000 - 0x00007ffc5c0a9000 	C:\WINDOWS\SYSTEM32\urlmon.dll
0x00007ffc5b730000 - 0x00007ffc5b9d5000 	C:\WINDOWS\SYSTEM32\iertutil.dll
0x00007ffc6b540000 - 0x00007ffc6b54b000 	C:\WINDOWS\SYSTEM32\CRYPTBASE.DLL
0x00007ffc6b370000 - 0x00007ffc6b3d6000 	C:\WINDOWS\system32\mswsock.dll
0x00007ffc6b0f0000 - 0x00007ffc6b128000 	C:\WINDOWS\SYSTEM32\IPHLPAPI.DLL
0x00007ffc6f500000 - 0x00007ffc6f508000 	C:\WINDOWS\System32\NSI.dll
0x00007ffc62190000 - 0x00007ffc621a6000 	C:\WINDOWS\SYSTEM32\dhcpcsvc6.DLL

VM Arguments:
java_command: OAIHarvest.jar R 5 http://iepa.org.pe/raep/index.php/ojs/oai C:\test\info_1622
java_class_path (initial): OAIHarvest.jar
Launcher Type: SUN_STANDARD

Environment Variables:
CLASSPATH=C:\PHD_DEVELOPMENT\source\OAIHarvest\bin;C:\PHD_DEVELOPMENT\libraries\Java HTTP Libs
PATH=C:\Program Files (x86)\Common Files\Oracle\Java\javapath;C:\ProgramData\Oracle\Java\javapath;C:\Program Files (x86)\Intel\iCLS Client\;C:\Program Files\Intel\iCLS Client\;C:\WINDOWS\system32;C:\WINDOWS;C:\WINDOWS\System32\Wbem;C:\WINDOWS\System32\WindowsPowerShell\v1.0\;C:\Program Files (x86)\Intel\Intel(R) Management Engine Components\DAL;C:\Program Files\Intel\Intel(R) Management Engine Components\DAL;C:\Program Files (x86)\Intel\Intel(R) Management Engine Components\IPT;C:\Program Files\Intel\Intel(R) Management Engine Components\IPT;C:\WINDOWS\System32\OpenSSH\;C:\Program Files\MySQL\MySQL Utilities 1.6\;C:\Program Files\PuTTY\;C:\Users\User\AppData\Local\Microsoft\WindowsApps;
USERNAME=User
OS=Windows_NT
PROCESSOR_IDENTIFIER=Intel64 Family 6 Model 94 Stepping 3, GenuineIntel



---------------  S Y S T E M  ---------------

OS: Windows 10.0 , 64 bit Build 17134 (10.0.17134.556)

CPU:total 2 (initial active 2) (2 cores per cpu, 1 threads per core) family 6 model 94 stepping 3, cmov, cx8, fxsr, mmx, sse, sse2, sse3, ssse3, sse4.1, sse4.2, popcnt, aes, clmul, erms, 3dnowpref, lzcnt, tsc, tscinvbit

Memory: 4k page, physical 12461396k(4258184k free), swap 20853720k(94544k free)

vm_info: Java HotSpot(TM) 64-Bit Server VM (25.201-b09) for windows-amd64 JRE (1.8.0_201-b09), built on Dec 15 2018 18:36:39 by "java_re" with MS VC++ 10.0 (VS2010)

time: Tue Feb 26 15:33:52 2019
timezone: GMT Standard Time
elapsed time: 8 seconds (0d 0h 0m 8s)

